2025-04-02 20:05:50,242 INFO: Medical AI Assistant startup [in C:\Users\hp\OneDrive\Desktop\hope\minimal_app.py:34]
2025-04-02 20:05:50,907 INFO: Medical AI Assistant startup [in C:\Users\hp\OneDrive\Desktop\hope\minimal_app.py:34]
2025-04-02 20:07:15,388 INFO: Medical AI Assistant startup [in C:\Users\hp\OneDrive\Desktop\hope\minimal_app.py:34]
2025-04-02 20:07:15,850 INFO: Medical AI Assistant startup [in C:\Users\hp\OneDrive\Desktop\hope\minimal_app.py:34]
2025-04-02 20:08:31,112 INFO: Medical AI Assistant startup [in C:\Users\hp\OneDrive\Desktop\hope\minimal_app.py:34]
2025-04-02 20:08:31,608 INFO: Medical AI Assistant startup [in C:\Users\hp\OneDrive\Desktop\hope\minimal_app.py:34]
2025-04-02 20:10:59,731 INFO: Medical AI Assistant startup [in C:\Users\hp\OneDrive\Desktop\hope\minimal_app.py:34]
2025-04-02 20:11:00,219 INFO: Medical AI Assistant startup [in C:\Users\hp\OneDrive\Desktop\hope\minimal_app.py:34]
2025-04-02 20:16:20,428 INFO: Medical AI Assistant startup [in C:\Users\hp\OneDrive\Desktop\hope\minimal_app.py:34]
2025-04-02 20:16:21,201 INFO: Medical AI Assistant startup [in C:\Users\hp\OneDrive\Desktop\hope\minimal_app.py:34]
2025-04-02 20:24:02,673 INFO: Medical AI Assistant startup [in C:\Users\hp\OneDrive\Desktop\hope\minimal_app.py:34]
2025-04-02 20:24:03,236 INFO: Medical AI Assistant startup [in C:\Users\hp\OneDrive\Desktop\hope\minimal_app.py:34]
2025-04-02 20:28:16,951 INFO: Medical AI Assistant startup [in C:\Users\hp\OneDrive\Desktop\hope\minimal_app.py:34]
2025-04-02 20:28:17,530 INFO: Medical AI Assistant startup [in C:\Users\hp\OneDrive\Desktop\hope\minimal_app.py:34]
2025-04-02 20:28:23,927 INFO: Home page accessed [in C:\Users\hp\OneDrive\Desktop\hope\minimal_app.py:104]
2025-04-02 20:28:36,657 INFO: Dashboard page accessed [in C:\Users\hp\OneDrive\Desktop\hope\minimal_app.py:116]
2025-04-02 20:28:44,067 INFO: Chatbot page accessed [in C:\Users\hp\OneDrive\Desktop\hope\minimal_app.py:124]
2025-04-02 20:28:45,082 WARNING: 404 error: /api/providers [in C:\Users\hp\OneDrive\Desktop\hope\minimal_app.py:617]
2025-04-02 20:28:45,083 WARNING: 404 error: /api/documents [in C:\Users\hp\OneDrive\Desktop\hope\minimal_app.py:617]
2025-04-02 20:28:45,353 WARNING: 404 error: /api/providers [in C:\Users\hp\OneDrive\Desktop\hope\minimal_app.py:617]
2025-04-02 20:28:56,037 WARNING: 404 error: /api/blackbox/query [in C:\Users\hp\OneDrive\Desktop\hope\minimal_app.py:617]
2025-04-02 20:29:40,589 INFO: Medical AI Assistant startup [in C:\Users\hp\OneDrive\Desktop\hope\minimal_app.py:34]
2025-04-02 20:29:41,302 INFO: Medical AI Assistant startup [in C:\Users\hp\OneDrive\Desktop\hope\minimal_app.py:34]
2025-04-02 20:29:49,220 INFO: Chatbot page accessed [in C:\Users\hp\OneDrive\Desktop\hope\minimal_app.py:124]
2025-04-02 20:29:49,804 INFO: Providers API accessed [in C:\Users\hp\OneDrive\Desktop\hope\minimal_app.py:616]
2025-04-02 20:29:49,805 INFO: Documents API accessed [in C:\Users\hp\OneDrive\Desktop\hope\minimal_app.py:635]
2025-04-02 20:29:49,805 ERROR: Error getting blackbox models: name 'medical_agent' is not defined [in C:\Users\hp\OneDrive\Desktop\hope\minimal_app.py:620]
2025-04-02 20:29:49,806 ERROR: Error getting documents: name 'medical_agent' is not defined [in C:\Users\hp\OneDrive\Desktop\hope\minimal_app.py:640]
2025-04-02 20:29:50,071 INFO: Providers API accessed [in C:\Users\hp\OneDrive\Desktop\hope\minimal_app.py:616]
2025-04-02 20:29:50,072 ERROR: Error getting blackbox models: name 'medical_agent' is not defined [in C:\Users\hp\OneDrive\Desktop\hope\minimal_app.py:620]
2025-04-02 20:29:55,118 INFO: BlackboxAI query API accessed [in C:\Users\hp\OneDrive\Desktop\hope\minimal_app.py:646]
2025-04-02 20:29:55,119 ERROR: Error in blackbox query: name 'medical_agent' is not defined [in C:\Users\hp\OneDrive\Desktop\hope\minimal_app.py:656]
2025-04-02 20:30:07,230 INFO: Medications page accessed [in C:\Users\hp\OneDrive\Desktop\hope\minimal_app.py:160]
2025-04-02 20:30:07,486 INFO: Get medications API called [in C:\Users\hp\OneDrive\Desktop\hope\minimal_app.py:259]
2025-04-02 20:30:07,487 INFO: Retrieved 2 medications for user 12345 [in C:\Users\hp\OneDrive\Desktop\hope\minimal_app.py:263]
2025-04-02 20:30:23,107 INFO: Language settings page accessed [in C:\Users\hp\OneDrive\Desktop\hope\minimal_app.py:154]
2025-04-02 20:30:23,764 INFO: Providers API accessed [in C:\Users\hp\OneDrive\Desktop\hope\minimal_app.py:616]
2025-04-02 20:30:23,765 INFO: Documents API accessed [in C:\Users\hp\OneDrive\Desktop\hope\minimal_app.py:635]
2025-04-02 20:30:23,766 WARNING: 404 error: /api/languages [in C:\Users\hp\OneDrive\Desktop\hope\minimal_app.py:663]
2025-04-02 20:30:23,766 ERROR: Error getting blackbox models: name 'medical_agent' is not defined [in C:\Users\hp\OneDrive\Desktop\hope\minimal_app.py:620]
2025-04-02 20:30:23,766 ERROR: Error getting documents: name 'medical_agent' is not defined [in C:\Users\hp\OneDrive\Desktop\hope\minimal_app.py:640]
2025-04-02 20:30:25,717 INFO: Settings page accessed [in C:\Users\hp\OneDrive\Desktop\hope\minimal_app.py:142]
2025-04-02 20:30:36,836 INFO: Home page accessed [in C:\Users\hp\OneDrive\Desktop\hope\minimal_app.py:104]
2025-04-02 20:36:48,827 INFO: Medical AI Assistant startup [in C:\Users\hp\OneDrive\Desktop\hope\minimal_app.py:38]
2025-04-02 20:36:50,161 INFO: Medical AI Assistant startup [in C:\Users\hp\OneDrive\Desktop\hope\minimal_app.py:38]
2025-04-02 20:36:57,314 INFO: Dashboard page accessed [in C:\Users\hp\OneDrive\Desktop\hope\minimal_app.py:128]
2025-04-02 20:37:03,021 INFO: Chatbot page accessed [in C:\Users\hp\OneDrive\Desktop\hope\minimal_app.py:136]
2025-04-02 20:37:03,379 INFO: Providers API accessed [in C:\Users\hp\OneDrive\Desktop\hope\minimal_app.py:628]
2025-04-02 20:37:03,631 INFO: Documents API accessed [in C:\Users\hp\OneDrive\Desktop\hope\minimal_app.py:647]
2025-04-02 20:37:03,632 INFO: Providers API accessed [in C:\Users\hp\OneDrive\Desktop\hope\minimal_app.py:628]
2025-04-02 20:37:10,348 INFO: BlackboxAI query API accessed [in C:\Users\hp\OneDrive\Desktop\hope\minimal_app.py:658]
